mode: set
github.com/srleyva/turbine/login-service/pkg/login/login.go:22.59,24.16 2 1
github.com/srleyva/turbine/login-service/pkg/login/login.go:27.2,27.37 1 1
github.com/srleyva/turbine/login-service/pkg/login/login.go:24.16,26.3 1 0
github.com/srleyva/turbine/login-service/pkg/login/login.go:30.53,32.33 2 1
github.com/srleyva/turbine/login-service/pkg/login/login.go:36.2,37.16 2 1
github.com/srleyva/turbine/login-service/pkg/login/login.go:40.2,40.40 1 1
github.com/srleyva/turbine/login-service/pkg/login/login.go:32.33,34.3 1 1
github.com/srleyva/turbine/login-service/pkg/login/login.go:37.16,39.3 1 0
github.com/srleyva/turbine/login-service/pkg/login/login.go:43.56,45.33 2 1
github.com/srleyva/turbine/login-service/pkg/login/login.go:49.2,50.16 2 1
github.com/srleyva/turbine/login-service/pkg/login/login.go:57.2,57.45 1 1
github.com/srleyva/turbine/login-service/pkg/login/login.go:45.33,47.3 1 0
github.com/srleyva/turbine/login-service/pkg/login/login.go:50.16,51.50 1 0
github.com/srleyva/turbine/login-service/pkg/login/login.go:54.3,54.13 1 0
github.com/srleyva/turbine/login-service/pkg/login/login.go:51.50,53.4 1 0
github.com/srleyva/turbine/login-service/pkg/login/login.go:61.70,64.16 3 1
github.com/srleyva/turbine/login-service/pkg/login/login.go:67.2,67.6 1 1
github.com/srleyva/turbine/login-service/pkg/login/login.go:77.2,77.20 1 1
github.com/srleyva/turbine/login-service/pkg/login/login.go:64.16,66.3 1 0
github.com/srleyva/turbine/login-service/pkg/login/login.go:67.6,69.20 2 1
github.com/srleyva/turbine/login-service/pkg/login/login.go:72.3,72.17 1 1
github.com/srleyva/turbine/login-service/pkg/login/login.go:75.3,75.31 1 1
github.com/srleyva/turbine/login-service/pkg/login/login.go:69.20,70.9 1 1
github.com/srleyva/turbine/login-service/pkg/login/login.go:72.17,74.4 1 0
github.com/srleyva/turbine/login-service/pkg/login/login.go:81.108,84.16 3 1
github.com/srleyva/turbine/login-service/pkg/login/login.go:87.2,87.18 1 1
github.com/srleyva/turbine/login-service/pkg/login/login.go:84.16,86.3 1 0
github.com/srleyva/turbine/login-service/pkg/login/login.go:90.109,92.16 2 1
github.com/srleyva/turbine/login-service/pkg/login/login.go:95.2,95.18 1 1
github.com/srleyva/turbine/login-service/pkg/login/login.go:92.16,94.3 1 0
